# JRE version: OpenJDK Runtime Environment (17.0.7) (build 17.0.7+0-b2043.56-10550314)
# Java VM: OpenJDK 64-Bit Server VM (17.0.7+0-b2043.56-10550314, mixed mode, tiered, compressed oops, compressed class ptrs, g1 gc, windows-amd64)
GC Precious Log:
 CPUs: 16 total, 16 available
 Memory: 23983M
 Large Page Support: Disabled
 NUMA Support: Disabled
 Compressed Oops: Enabled (32-bit)
 Heap Region Size: 1M
 Heap Min Capacity: 512M
 Heap Initial Capacity: 512M
 Heap Max Capacity: 2G
 Pre-touch: Disabled
 Parallel Workers: 13
 Concurrent Workers: 3
 Concurrent Refinement Workers: 13
 Periodic GC: Disabled
Heap:
 garbage-first heap   total 524288K, used 234451K [0x0000000080000000, 0x0000000100000000)
  region size 1024K, 203 young (207872K), 2 survivors (2048K)
 Metaspace       used 56686K, committed 57216K, reserved 1114112K
  class space    used 7496K, committed 7744K, reserved 1048576K
GC Heap History (12 events):
Event: 0.711 GC heap before
{Heap before GC invocations=0 (full 0):
 garbage-first heap   total 524288K, used 28672K [0x0000000080000000, 0x0000000100000000)
  region size 1024K, 25 young (25600K), 0 survivors (0K)
 Metaspace       used 10562K, committed 10752K, reserved 1114112K
  class space    used 1088K, committed 1216K, reserved 1048576K
}
Event: 0.715 GC heap after
{Heap after GC invocations=1 (full 0):
 garbage-first heap   total 524288K, used 10413K [0x0000000080000000, 0x0000000100000000)
  region size 1024K, 4 young (4096K), 4 survivors (4096K)
 Metaspace       used 10562K, committed 10752K, reserved 1114112K
  class space    used 1088K, committed 1216K, reserved 1048576K
}
Event: 1.171 GC heap before
{Heap before GC invocations=1 (full 0):
 garbage-first heap   total 524288K, used 41133K [0x0000000080000000, 0x0000000100000000)
  region size 1024K, 34 young (34816K), 4 survivors (4096K)
 Metaspace       used 11533K, committed 11712K, reserved 1114112K
  class space    used 1195K, committed 1280K, reserved 1048576K
}
Event: 1.175 GC heap after
{Heap after GC invocations=2 (full 0):
 garbage-first heap   total 524288K, used 15152K [0x0000000080000000, 0x0000000100000000)
  region size 1024K, 5 young (5120K), 5 survivors (5120K)
 Metaspace       used 11533K, committed 11712K, reserved 1114112K
  class space    used 1195K, committed 1280K, reserved 1048576K
}
Event: 2.676 GC heap before
{Heap before GC invocations=2 (full 0):
 garbage-first heap   total 524288K, used 57136K [0x0000000080000000, 0x0000000100000000)
  region size 1024K, 47 young (48128K), 5 survivors (5120K)
 Metaspace       used 21240K, committed 21504K, reserved 1114112K
  class space    used 2552K, committed 2688K, reserved 1048576K
}
Event: 2.681 GC heap after
{Heap after GC invocations=3 (full 0):
 garbage-first heap   total 524288K, used 18730K [0x0000000080000000, 0x0000000100000000)
  region size 1024K, 8 young (8192K), 8 survivors (8192K)
 Metaspace       used 21240K, committed 21504K, reserved 1114112K
  class space    used 2552K, committed 2688K, reserved 1048576K
}
Event: 3.889 GC heap before
{Heap before GC invocations=4 (full 0):
 garbage-first heap   total 524288K, used 83242K [0x0000000080000000, 0x0000000100000000)
  region size 1024K, 72 young (73728K), 8 survivors (8192K)
 Metaspace       used 30329K, committed 30656K, reserved 1114112K
  class space    used 4085K, committed 4224K, reserved 1048576K
}
Event: 3.895 GC heap after
{Heap after GC invocations=5 (full 0):
 garbage-first heap   total 524288K, used 22323K [0x0000000080000000, 0x0000000100000000)
  region size 1024K, 8 young (8192K), 8 survivors (8192K)
 Metaspace       used 30329K, committed 30656K, reserved 1114112K
  class space    used 4085K, committed 4224K, reserved 1048576K
}
Event: 4.089 GC heap before
{Heap before GC invocations=5 (full 0):
 garbage-first heap   total 524288K, used 38707K [0x0000000080000000, 0x0000000100000000)
  region size 1024K, 25 young (25600K), 8 survivors (8192K)
 Metaspace       used 32545K, committed 32832K, reserved 1114112K
  class space    used 4436K, committed 4544K, reserved 1048576K
}
Event: 4.094 GC heap after
{Heap after GC invocations=6 (full 0):
 garbage-first heap   total 524288K, used 23053K [0x0000000080000000, 0x0000000100000000)
  region size 1024K, 2 young (2048K), 2 survivors (2048K)
 Metaspace       used 32545K, committed 32832K, reserved 1114112K
  class space    used 4436K, committed 4544K, reserved 1048576K
}
Event: 4.382 GC heap before
{Heap before GC invocations=6 (full 0):
 garbage-first heap   total 524288K, used 43533K [0x0000000080000000, 0x0000000100000000)
  region size 1024K, 23 young (23552K), 2 survivors (2048K)
 Metaspace       used 35620K, committed 35968K, reserved 1114112K
  class space    used 4917K, committed 5120K, reserved 1048576K
}
Event: 4.384 GC heap after
{Heap after GC invocations=7 (full 0):
 garbage-first heap   total 524288K, used 23507K [0x0000000080000000, 0x0000000100000000)
  region size 1024K, 2 young (2048K), 2 survivors (2048K)
 Metaspace       used 35620K, committed 35968K, reserved 1114112K
  class space    used 4917K, committed 5120K, reserved 1048576K
}

